<?xml version="1.0" encoding="UTF-8"?>
<testsuite name="net.madscientists.geep.core.database.GeepDatabaseTest" tests="9" skipped="0" failures="0" errors="0" timestamp="2026-05-22T07:59:29.364Z" hostname="Keristraza" time="6.094">
  <properties/>
  <testcase name="observation_CRUD_EnsuresDataIntegrity" classname="net.madscientists.geep.core.database.GeepDatabaseTest" time="5.447"/>
  <testcase name="predictedEvent_CRUD_EnsuresDataIntegrity" classname="net.madscientists.geep.core.database.GeepDatabaseTest" time="0.093"/>
  <testcase name="deleteIndividual_NullsOutRecordIndividualId" classname="net.madscientists.geep.core.database.GeepDatabaseTest" time="0.061"/>
  <testcase name="waitingDelay_CRUD_EnsuresDataIntegrity" classname="net.madscientists.geep.core.database.GeepDatabaseTest" time="0.06"/>
  <testcase name="individual_CRUD_VerifiesAllFields" classname="net.madscientists.geep.core.database.GeepDatabaseTest" time="0.047"/>
  <testcase name="attachment_FullCRUD_WithCascadingDelete" classname="net.madscientists.geep.core.database.GeepDatabaseTest" time="0.064"/>
  <testcase name="getRecordsByIndividualId_ReturnsOnlyMatchingRecords" classname="net.madscientists.geep.core.database.GeepDatabaseTest" time="0.225"/>
  <testcase name="intervention_CRUD_EnsuresDataIntegrity" classname="net.madscientists.geep.core.database.GeepDatabaseTest" time="0.05"/>
  <testcase name="plannedTask_CRUD_EnsuresDataIntegrity" classname="net.madscientists.geep.core.database.GeepDatabaseTest" time="0.043"/>
  <system-out><![CDATA[]]></system-out>
  <system-err><![CDATA[]]></system-err>
</testsuite>
