<?xml version="1.0" encoding="UTF-8"?>
<testsuite name="net.madscientists.geep.core.database.GeepMigrationTest" tests="2" skipped="0" failures="0" errors="0" timestamp="2026-05-15T21:29:32.115Z" hostname="Keristraza" time="0.195">
  <properties/>
  <testcase name="migrate_1_to_2_autoMigration" classname="net.madscientists.geep.core.database.GeepMigrationTest" time="0.157"/>
  <testcase name="create_version_1" classname="net.madscientists.geep.core.database.GeepMigrationTest" time="0.038"/>
  <system-out><![CDATA[]]></system-out>
  <system-err><![CDATA[]]></system-err>
</testsuite>
