<?xml version="1.0" encoding="UTF-8"?>
<testsuite name="net.madscientists.geep.core.database.dao.IndividualDaoTest" tests="10" skipped="0" failures="0" errors="0" timestamp="2026-05-22T07:59:35.914Z" hostname="Keristraza" time="0.366">
  <properties/>
  <testcase name="insertIndividual_WithNullEarTagId_InsertsIndividual" classname="net.madscientists.geep.core.database.dao.IndividualDaoTest" time="0.043"/>
  <testcase name="insertIndividual_WithDuplicateId_ReplacesExistingIndividual" classname="net.madscientists.geep.core.database.dao.IndividualDaoTest" time="0.045"/>
  <testcase name="updateIndividual_WithValidData_UpdatesIndividual" classname="net.madscientists.geep.core.database.dao.IndividualDaoTest" time="0.035"/>
  <testcase name="getAllIndividuals_WithMultipleIndividuals_ReturnsAllIndividuals" classname="net.madscientists.geep.core.database.dao.IndividualDaoTest" time="0.04"/>
  <testcase name="updateIndividual_WithNonExistentIndividual_DoesNotThrow" classname="net.madscientists.geep.core.database.dao.IndividualDaoTest" time="0.035"/>
  <testcase name="insertIndividual_WithValidData_InsertsIndividual" classname="net.madscientists.geep.core.database.dao.IndividualDaoTest" time="0.036"/>
  <testcase name="getIndividualById_WithNonExistentId_ReturnsNull" classname="net.madscientists.geep.core.database.dao.IndividualDaoTest" time="0.035"/>
  <testcase name="deleteIndividual_WithNonExistentIndividual_DoesNotThrow" classname="net.madscientists.geep.core.database.dao.IndividualDaoTest" time="0.032"/>
  <testcase name="insertIndividual_WithNullColorPattern_InsertsIndividual" classname="net.madscientists.geep.core.database.dao.IndividualDaoTest" time="0.03"/>
  <testcase name="deleteIndividual_WithExistingIndividual_DeletesIndividual" classname="net.madscientists.geep.core.database.dao.IndividualDaoTest" time="0.03"/>
  <system-out><![CDATA[]]></system-out>
  <system-err><![CDATA[]]></system-err>
</testsuite>
