<?xml version="1.0" encoding="UTF-8"?>
<testsuite name="net.madscientists.geep.core.database.GeepDatabaseTest" tests="9" skipped="0" failures="0" errors="0" timestamp="2026-05-22T19:41:21.576Z" hostname="Keristraza" time="4.889">
  <properties/>
  <testcase name="observation_CRUD_EnsuresDataIntegrity" classname="net.madscientists.geep.core.database.GeepDatabaseTest" time="4.413"/>
  <testcase name="predictedEvent_CRUD_EnsuresDataIntegrity" classname="net.madscientists.geep.core.database.GeepDatabaseTest" time="0.049"/>
  <testcase name="deleteIndividual_NullsOutRecordIndividualId" classname="net.madscientists.geep.core.database.GeepDatabaseTest" time="0.04"/>
  <testcase name="waitingDelay_CRUD_EnsuresDataIntegrity" classname="net.madscientists.geep.core.database.GeepDatabaseTest" time="0.037"/>
  <testcase name="individual_CRUD_VerifiesAllFields" classname="net.madscientists.geep.core.database.GeepDatabaseTest" time="0.058"/>
  <testcase name="attachment_FullCRUD_WithCascadingDelete" classname="net.madscientists.geep.core.database.GeepDatabaseTest" time="0.048"/>
  <testcase name="getRecordsByIndividualId_ReturnsOnlyMatchingRecords" classname="net.madscientists.geep.core.database.GeepDatabaseTest" time="0.173"/>
  <testcase name="intervention_CRUD_EnsuresDataIntegrity" classname="net.madscientists.geep.core.database.GeepDatabaseTest" time="0.035"/>
  <testcase name="plannedTask_CRUD_EnsuresDataIntegrity" classname="net.madscientists.geep.core.database.GeepDatabaseTest" time="0.035"/>
  <system-out><![CDATA[]]></system-out>
  <system-err><![CDATA[]]></system-err>
</testsuite>
